<?xml version="1.0" encoding="UTF-8"?>
<testsuite name="Tests" tests="1" skipped="0" failures="0" errors="0" timestamp="2022-03-03T05:55:48" hostname="DESKTOP-HS4DRCO" time="6.579">
  <properties/>
  <testcase name="start" classname="Tests" time="6.579"/>
  <system-out><![CDATA[?[1;31m
Start test 1?[0m

  .   ____          _            __ _ _
 /\\ / ___'_ __ _ _(_)_ __  __ _ \ \ \ \
( ( )\___ | '_ | '_| | '_ \/ _` | \ \ \ \
 \\/  ___)| |_)| | | | | || (_| |  ) ) ) )
  '  |____| .__|_| |_|_| |_\__, | / / / /
 =========|_|==============|___/=/_/_/_/
 :: Spring Boot ::                (v2.5.6)

2022-03-03 08:55:49.712  INFO 29216 --- [    Test worker] task.Main                                : Starting Main using Java 17.0.1 on DESKTOP-HS4DRCO with PID 29216 (started by almaz in D:\devel\Recipes1\Topics\Bean validation\Tasks)
2022-03-03 08:55:49.719  INFO 29216 --- [    Test worker] task.Main                                : No active profile set, falling back to default profiles: default
2022-03-03 08:55:52.008  INFO 29216 --- [    Test worker] o.s.b.w.embedded.tomcat.TomcatWebServer  : Tomcat initialized with port(s): 28852 (http)
2022-03-03 08:55:52.028  INFO 29216 --- [    Test worker] o.apache.catalina.core.StandardService   : Starting service [Tomcat]
2022-03-03 08:55:52.029  INFO 29216 --- [    Test worker] org.apache.catalina.core.StandardEngine  : Starting Servlet engine: [Apache Tomcat/9.0.54]
2022-03-03 08:55:52.183  INFO 29216 --- [    Test worker] o.a.c.c.C.[Tomcat].[localhost].[/]       : Initializing Spring embedded WebApplicationContext
2022-03-03 08:55:52.184  INFO 29216 --- [    Test worker] w.s.c.ServletWebServerApplicationContext : Root WebApplicationContext: initialization completed in 2378 ms
2022-03-03 08:55:53.551  INFO 29216 --- [    Test worker] o.s.b.a.e.web.EndpointLinksResolver      : Exposing 14 endpoint(s) beneath base path '/actuator'
2022-03-03 08:55:53.667  INFO 29216 --- [    Test worker] o.s.b.w.embedded.tomcat.TomcatWebServer  : Tomcat started on port(s): 28852 (http) with context path ''
2022-03-03 08:55:53.698  INFO 29216 --- [    Test worker] task.Main                                : Started Main in 4.562 seconds (JVM running for 5.642)
2022-03-03 08:55:54.525  INFO 29216 --- [io-28852-exec-1] o.a.c.c.C.[Tomcat].[localhost].[/]       : Initializing Spring DispatcherServlet 'dispatcherServlet'
2022-03-03 08:55:54.526  INFO 29216 --- [io-28852-exec-1] o.s.web.servlet.DispatcherServlet        : Initializing Servlet 'dispatcherServlet'
2022-03-03 08:55:54.528  INFO 29216 --- [io-28852-exec-1] o.s.web.servlet.DispatcherServlet        : Completed initialization in 2 ms
?[1;31m
Start test 2?[0m
?[1;31m
Start test 3?[0m
?[1;31m
Start test 4?[0m
?[1;31m
Start test 5?[0m
?[1;31m
Start test 6?[0m
?[1;31m
Start test 7?[0m
?[1;31m
Start test 8?[0m
?[1;31m
Start test 9?[0m
2022-03-03 08:55:54.974  WARN 29216 --- [io-28852-exec-9] .w.s.m.s.DefaultHandlerExceptionResolver : Resolved [org.springframework.web.bind.MethodArgumentNotValidException: Validation failed for argument [0] in public void task.Controller.addTask(task.Task) with 2 errors: [Field error in object 'task' on field 'description': rejected value [null]; codes [NotBlank.task.description,NotBlank.description,NotBlank.java.lang.String,NotBlank]; arguments [org.springframework.context.support.DefaultMessageSourceResolvable: codes [task.description,description]; arguments []; default message [description]]; default message [must not be blank]] [Field error in object 'task' on field 'name': rejected value [null]; codes [NotBlank.task.name,NotBlank.name,NotBlank.java.lang.String,NotBlank]; arguments [org.springframework.context.support.DefaultMessageSourceResolvable: codes [task.name,name]; arguments []; default message [name]]; default message [must not be blank]] ]
?[1;31m
Start test 10?[0m
2022-03-03 08:55:55.076  WARN 29216 --- [o-28852-exec-10] .w.s.m.s.DefaultHandlerExceptionResolver : Resolved [org.springframework.web.bind.MethodArgumentNotValidException: Validation failed for argument [0] in public void task.Controller.addTask(task.Task): [Field error in object 'task' on field 'name': rejected value [null]; codes [NotBlank.task.name,NotBlank.name,NotBlank.java.lang.String,NotBlank]; arguments [org.springframework.context.support.DefaultMessageSourceResolvable: codes [task.name,name]; arguments []; default message [name]]; default message [must not be blank]] ]
?[1;31m
Start test 11?[0m
2022-03-03 08:55:55.098  WARN 29216 --- [io-28852-exec-4] .w.s.m.s.DefaultHandlerExceptionResolver : Resolved [org.springframework.web.bind.MethodArgumentNotValidException: Validation failed for argument [0] in public void task.Controller.addTask(task.Task): [Field error in object 'task' on field 'description': rejected value [null]; codes [NotBlank.task.description,NotBlank.description,NotBlank.java.lang.String,NotBlank]; arguments [org.springframework.context.support.DefaultMessageSourceResolvable: codes [task.description,description]; arguments []; default message [description]]; default message [must not be blank]] ]
?[1;31m
Start test 12?[0m
2022-03-03 08:55:55.128  WARN 29216 --- [io-28852-exec-9] .w.s.m.s.DefaultHandlerExceptionResolver : Resolved [org.springframework.web.bind.MethodArgumentNotValidException: Validation failed for argument [0] in public void task.Controller.addTask(task.Task) with 4 errors: [Field error in object 'task' on field 'name': rejected value []; codes [Size.task.name,Size.name,Size.java.lang.String,Size]; arguments [org.springframework.context.support.DefaultMessageSourceResolvable: codes [task.name,name]; arguments []; default message [name],50,1]; default message [size must be between 1 and 50]] [Field error in object 'task' on field 'description': rejected value []; codes [Size.task.description,Size.description,Size.java.lang.String,Size]; arguments [org.springframework.context.support.DefaultMessageSourceResolvable: codes [task.description,description]; arguments []; default message [description],200,1]; default message [size must be between 1 and 200]] [Field error in object 'task' on field 'description': rejected value []; codes [NotBlank.task.description,NotBlank.description,NotBlank.java.lang.String,NotBlank]; arguments [org.springframework.context.support.DefaultMessageSourceResolvable: codes [task.description,description]; arguments []; default message [description]]; default message [must not be blank]] [Field error in object 'task' on field 'name': rejected value []; codes [NotBlank.task.name,NotBlank.name,NotBlank.java.lang.String,NotBlank]; arguments [org.springframework.context.support.DefaultMessageSourceResolvable: codes [task.name,name]; arguments []; default message [name]]; default message [must not be blank]] ]
?[1;31m
Start test 13?[0m
2022-03-03 08:55:55.149  WARN 29216 --- [o-28852-exec-10] .w.s.m.s.DefaultHandlerExceptionResolver : Resolved [org.springframework.web.bind.MethodArgumentNotValidException: Validation failed for argument [0] in public void task.Controller.addTask(task.Task) with 2 errors: [Field error in object 'task' on field 'name': rejected value []; codes [Size.task.name,Size.name,Size.java.lang.String,Size]; arguments [org.springframework.context.support.DefaultMessageSourceResolvable: codes [task.name,name]; arguments []; default message [name],50,1]; default message [size must be between 1 and 50]] [Field error in object 'task' on field 'name': rejected value []; codes [NotBlank.task.name,NotBlank.name,NotBlank.java.lang.String,NotBlank]; arguments [org.springframework.context.support.DefaultMessageSourceResolvable: codes [task.name,name]; arguments []; default message [name]]; default message [must not be blank]] ]
?[1;31m
Start test 14?[0m
2022-03-03 08:55:55.167  WARN 29216 --- [io-28852-exec-3] .w.s.m.s.DefaultHandlerExceptionResolver : Resolved [org.springframework.web.bind.MethodArgumentNotValidException: Validation failed for argument [0] in public void task.Controller.addTask(task.Task) with 2 errors: [Field error in object 'task' on field 'description': rejected value []; codes [Size.task.description,Size.description,Size.java.lang.String,Size]; arguments [org.springframework.context.support.DefaultMessageSourceResolvable: codes [task.description,description]; arguments []; default message [description],200,1]; default message [size must be between 1 and 200]] [Field error in object 'task' on field 'description': rejected value []; codes [NotBlank.task.description,NotBlank.description,NotBlank.java.lang.String,NotBlank]; arguments [org.springframework.context.support.DefaultMessageSourceResolvable: codes [task.description,description]; arguments []; default message [description]]; default message [must not be blank]] ]
?[1;31m
Start test 15?[0m
2022-03-03 08:55:55.184  WARN 29216 --- [io-28852-exec-5] .w.s.m.s.DefaultHandlerExceptionResolver : Resolved [org.springframework.web.bind.MethodArgumentNotValidException: Validation failed for argument [0] in public void task.Controller.addTask(task.Task) with 2 errors: [Field error in object 'task' on field 'name': rejected value [ ]; codes [NotBlank.task.name,NotBlank.name,NotBlank.java.lang.String,NotBlank]; arguments [org.springframework.context.support.DefaultMessageSourceResolvable: codes [task.name,name]; arguments []; default message [name]]; default message [must not be blank]] [Field error in object 'task' on field 'description': rejected value [ ]; codes [NotBlank.task.description,NotBlank.description,NotBlank.java.lang.String,NotBlank]; arguments [org.springframework.context.support.DefaultMessageSourceResolvable: codes [task.description,description]; arguments []; default message [description]]; default message [must not be blank]] ]
?[1;31m
Start test 16?[0m
2022-03-03 08:55:55.204  WARN 29216 --- [io-28852-exec-6] .w.s.m.s.DefaultHandlerExceptionResolver : Resolved [org.springframework.web.bind.MethodArgumentNotValidException: Validation failed for argument [0] in public void task.Controller.addTask(task.Task): [Field error in object 'task' on field 'description': rejected value [ ]; codes [NotBlank.task.description,NotBlank.description,NotBlank.java.lang.String,NotBlank]; arguments [org.springframework.context.support.DefaultMessageSourceResolvable: codes [task.description,description]; arguments []; default message [description]]; default message [must not be blank]] ]
?[1;31m
Start test 17?[0m
2022-03-03 08:55:55.219  WARN 29216 --- [io-28852-exec-1] .w.s.m.s.DefaultHandlerExceptionResolver : Resolved [org.springframework.web.bind.MethodArgumentNotValidException: Validation failed for argument [0] in public void task.Controller.addTask(task.Task): [Field error in object 'task' on field 'name': rejected value [ ]; codes [NotBlank.task.name,NotBlank.name,NotBlank.java.lang.String,NotBlank]; arguments [org.springframework.context.support.DefaultMessageSourceResolvable: codes [task.name,name]; arguments []; default message [name]]; default message [must not be blank]] ]
?[1;31m
Start test 18?[0m
2022-03-03 08:55:55.238  WARN 29216 --- [io-28852-exec-7] .w.s.m.s.DefaultHandlerExceptionResolver : Resolved [org.springframework.web.bind.MethodArgumentNotValidException: Validation failed for argument [0] in public void task.Controller.addTask(task.Task): [Field error in object 'task' on field 'name': rejected value [            ]; codes [NotBlank.task.name,NotBlank.name,NotBlank.java.lang.String,NotBlank]; arguments [org.springframework.context.support.DefaultMessageSourceResolvable: codes [task.name,name]; arguments []; default message [name]]; default message [must not be blank]] ]
?[1;31m
Start test 19?[0m
2022-03-03 08:55:55.262  WARN 29216 --- [io-28852-exec-8] .w.s.m.s.DefaultHandlerExceptionResolver : Resolved [org.springframework.web.bind.MethodArgumentNotValidException: Validation failed for argument [0] in public void task.Controller.addTask(task.Task) with 2 errors: [Field error in object 'task' on field 'name': rejected value [111111111111111111111111111111111111111111111111111]; codes [Size.task.name,Size.name,Size.java.lang.String,Size]; arguments [org.springframework.context.support.DefaultMessageSourceResolvable: codes [task.name,name]; arguments []; default message [name],50,1]; default message [size must be between 1 and 50]] [Field error in object 'task' on field 'description': rejected value [aaaaaaaaaaaaaaaaaaaaaaaaaaaaaaaaaaaaaaaaaaaaaaaaaaaaaaaaaaaaaaaaaaaaaaaaaaaaaaaaaaaaaaaaaaaaaaaaaaaaaaaaaaaaaaaaaaaaaaaaaaaaaaaaaaaaaaaaaaaaaaaaaaaaaaaaaaaaaaaaaaaaaaaaaaaaaaaaaaaaaaaaaaaaaaaaaaaaaaaaa]; codes [Size.task.description,Size.description,Size.java.lang.String,Size]; arguments [org.springframework.context.support.DefaultMessageSourceResolvable: codes [task.description,description]; arguments []; default message [description],200,1]; default message [size must be between 1 and 200]] ]
?[1;31m
Start test 20?[0m
2022-03-03 08:55:55.277  WARN 29216 --- [io-28852-exec-2] .w.s.m.s.DefaultHandlerExceptionResolver : Resolved [org.springframework.web.bind.MethodArgumentNotValidException: Validation failed for argument [0] in public void task.Controller.addTask(task.Task): [Field error in object 'task' on field 'name': rejected value [111111111111111111111111111111111111111111111111111]; codes [Size.task.name,Size.name,Size.java.lang.String,Size]; arguments [org.springframework.context.support.DefaultMessageSourceResolvable: codes [task.name,name]; arguments []; default message [name],50,1]; default message [size must be between 1 and 50]] ]
?[1;31m
Start test 21?[0m
2022-03-03 08:55:55.296  WARN 29216 --- [io-28852-exec-4] .w.s.m.s.DefaultHandlerExceptionResolver : Resolved [org.springframework.web.bind.MethodArgumentNotValidException: Validation failed for argument [0] in public void task.Controller.addTask(task.Task): [Field error in object 'task' on field 'description': rejected value [aaaaaaaaaaaaaaaaaaaaaaaaaaaaaaaaaaaaaaaaaaaaaaaaaaaaaaaaaaaaaaaaaaaaaaaaaaaaaaaaaaaaaaaaaaaaaaaaaaaaaaaaaaaaaaaaaaaaaaaaaaaaaaaaaaaaaaaaaaaaaaaaaaaaaaaaaaaaaaaaaaaaaaaaaaaaaaaaaaaaaaaaaaaaaaaaaaaaaaaaa]; codes [Size.task.description,Size.description,Size.java.lang.String,Size]; arguments [org.springframework.context.support.DefaultMessageSourceResolvable: codes [task.description,description]; arguments []; default message [description],200,1]; default message [size must be between 1 and 200]] ]
?[1;31m
Start test 22?[0m
2022-03-03 08:55:55.315  WARN 29216 --- [io-28852-exec-9] .w.s.m.s.DefaultHandlerExceptionResolver : Resolved [org.springframework.web.bind.MethodArgumentNotValidException: Validation failed for argument [0] in public void task.Controller.addTask(task.Task) with 2 errors: [Field error in object 'task' on field 'description': rejected value [bbbbbbbbbbbbbbbbbbbbbbbbbbbbbbbbbbbbbbbbbbbbbbbbbbbbbbbbbbbbbbbbbbbbbbbbbbbbbbbbbbbbbbbbbbbbbbbbbbbbbbbbbbbbbbbbbbbbbbbbbbbbbbbbbbbbbbbbbbbbbbbbbbbbbbbbbbbbbbbbbbbbbbbbbbbbbbbbbbbbbbbbbbbbbbbbbbbbbbbaaa]; codes [Size.task.description,Size.description,Size.java.lang.String,Size]; arguments [org.springframework.context.support.DefaultMessageSourceResolvable: codes [task.description,description]; arguments []; default message [description],200,1]; default message [size must be between 1 and 200]] [Field error in object 'task' on field 'name': rejected value [2222222222222222222222222222222222222222222222222aaa]; codes [Size.task.name,Size.name,Size.java.lang.String,Size]; arguments [org.springframework.context.support.DefaultMessageSourceResolvable: codes [task.name,name]; arguments []; default message [name],50,1]; default message [size must be between 1 and 50]] ]
?[1;31m
Start test 23?[0m
2022-03-03 08:55:55.333  WARN 29216 --- [o-28852-exec-10] .w.s.m.s.DefaultHandlerExceptionResolver : Resolved [org.springframework.web.bind.MethodArgumentNotValidException: Validation failed for argument [0] in public void task.Controller.addTask(task.Task) with 2 errors: [Field error in object 'task' on field 'description': rejected value [bbbbbbbbbbbbbbbbbbbbbbbbbbbbbbbbbbbbbbbbbbbbbbbbbbbbbbbbbbbbbbbbbbbbbbbbbbbbbbbbbbbbbbbbbbbbbbbbbbbbbbbbbbbbbbbbbbbbbbbbbbbbbbbbbbbbbbbbbbbbbbbbbbbbbbbbbbbbbbbbbbbbbbbbbbbbbbbbbbbbbbbbbbbbbbbbbbbbbbbaaabbbbbbbbbbbbbbbbbbbbbbbbbbbbbbbbbbbbbbbbbbbbbbbbbbbbbbbbbbbbbbbbbbbbbbbbbbbbbbbbbbbbbbbbbbbbbbbbbbbbbbbbbbbbbbbbbbbbbbbbbbbbbbbbbbbbbbbbbbbbbbbbbbbbbbbbbbbbbbbbbbbbbbbbbbbbbbbbbbbbbbbbbbbbbbbbbbbbbbbaaa]; codes [Size.task.description,Size.description,Size.java.lang.String,Size]; arguments [org.springframework.context.support.DefaultMessageSourceResolvable: codes [task.description,description]; arguments []; default message [description],200,1]; default message [size must be between 1 and 200]] [Field error in object 'task' on field 'name': rejected value [2222222222222222222222222222222222222222222222222aaa2222222222222222222222222222222222222222222222222aaa]; codes [Size.task.name,Size.name,Size.java.lang.String,Size]; arguments [org.springframework.context.support.DefaultMessageSourceResolvable: codes [task.name,name]; arguments []; default message [name],50,1]; default message [size must be between 1 and 50]] ]
]]></system-out>
  <system-err><![CDATA[]]></system-err>
</testsuite>
