<?xml version="1.0" encoding="UTF-8"?>
<testsuite name="WebCalculatorApplicationTest" tests="1" skipped="0" failures="0" errors="0" timestamp="2022-02-21T08:45:45" hostname="DESKTOP-HS4DRCO" time="5.119">
  <properties/>
  <testcase name="start" classname="WebCalculatorApplicationTest" time="5.119"/>
  <system-out><![CDATA[?[1;31m
Start test 1?[0m

  .   ____          _            __ _ _
 /\\ / ___'_ __ _ _(_)_ __  __ _ \ \ \ \
( ( )\___ | '_ | '_| | '_ \/ _` | \ \ \ \
 \\/  ___)| |_)| | | | | || (_| |  ) ) ) )
  '  |____| .__|_| |_|_| |_\__, | / / / /
 =========|_|==============|___/=/_/_/_/
 :: Spring Boot ::                (v2.5.6)

2022-02-21 11:45:46.750  INFO 2200 --- [    Test worker] calculator.WebCalculatorApplication      : Starting WebCalculatorApplication using Java 17.0.1 on DESKTOP-HS4DRCO with PID 2200 (started by almaz in D:\devel\Recipes1\Topics\Posting and deleting data via REST\Web calculator)
2022-02-21 11:45:46.755  INFO 2200 --- [    Test worker] calculator.WebCalculatorApplication      : No active profile set, falling back to default profiles: default
2022-02-21 11:45:48.823  INFO 2200 --- [    Test worker] o.s.b.w.embedded.tomcat.TomcatWebServer  : Tomcat initialized with port(s): 8889 (http)
2022-02-21 11:45:48.847  INFO 2200 --- [    Test worker] o.apache.catalina.core.StandardService   : Starting service [Tomcat]
2022-02-21 11:45:48.848  INFO 2200 --- [    Test worker] org.apache.catalina.core.StandardEngine  : Starting Servlet engine: [Apache Tomcat/9.0.54]
2022-02-21 11:45:49.022  INFO 2200 --- [    Test worker] o.a.c.c.C.[Tomcat].[localhost].[/]       : Initializing Spring embedded WebApplicationContext
2022-02-21 11:45:49.023  INFO 2200 --- [    Test worker] w.s.c.ServletWebServerApplicationContext : Root WebApplicationContext: initialization completed in 2191 ms
2022-02-21 11:45:50.109  INFO 2200 --- [    Test worker] o.s.b.a.e.web.EndpointLinksResolver      : Exposing 14 endpoint(s) beneath base path '/actuator'
2022-02-21 11:45:50.173  INFO 2200 --- [    Test worker] o.s.b.w.embedded.tomcat.TomcatWebServer  : Tomcat started on port(s): 8889 (http) with context path ''
2022-02-21 11:45:50.196  INFO 2200 --- [    Test worker] calculator.WebCalculatorApplication      : Started WebCalculatorApplication in 3.975 seconds (JVM running for 4.977)
2022-02-21 11:45:50.703  INFO 2200 --- [nio-8889-exec-1] o.a.c.c.C.[Tomcat].[localhost].[/]       : Initializing Spring DispatcherServlet 'dispatcherServlet'
2022-02-21 11:45:50.704  INFO 2200 --- [nio-8889-exec-1] o.s.web.servlet.DispatcherServlet        : Initializing Servlet 'dispatcherServlet'
2022-02-21 11:45:50.706  INFO 2200 --- [nio-8889-exec-1] o.s.web.servlet.DispatcherServlet        : Completed initialization in 2 ms
?[1;31m
Start test 2?[0m
?[1;31m
Start test 3?[0m
?[1;31m
Start test 4?[0m
]]></system-out>
  <system-err><![CDATA[]]></system-err>
</testsuite>
